Jason/Jason-WorkShop-3/app/build/outputs/logs/manifest-merger-release-report.txt
-- Merging decision tree log ---
manifest
ADDED from src/main/AndroidManifest.xml:2:1-39:12
	package
		ADDED from src/main/AndroidManifest.xml:3:5-49
		INJECTED from src/main/AndroidManifest.xml
		INJECTED from src/main/AndroidManifest.xml
	android:versionName
		INJECTED from src/main/AndroidManifest.xml
		INJECTED from src/main/AndroidManifest.xml
	xmlns:android
		ADDED from src/main/AndroidManifest.xml:2:11-69
	android:versionCode
		INJECTED from src/main/AndroidManifest.xml
		INJECTED from src/main/AndroidManifest.xml
uses-permission#android.permission.INTERNET
ADDED from src/main/AndroidManifest.xml:5:5-67
	android:name
		ADDED from src/main/AndroidManifest.xml:5:22-64
uses-permission#android.permission.ACCESS_NETWORK_STATE
ADDED from src/main/AndroidManifest.xml:6:5-79
	android:name
		ADDED from src/main/AndroidManifest.xml:6:22-76
application
ADDED from src/main/AndroidManifest.xml:8:5-37:19
MERGED from [com.android.support:appcompat-v7:23.1.1] AndroidManifest.xml:22:5-20
MERGED from [com.android.support:support-v4:23.4.0] AndroidManifest.xml:22:5-20
MERGED from [com.android.support:support-v4:23.4.0] AndroidManifest.xml:22:5-20
MERGED from [com.prolificinteractive:material-calendarview:1.4.0] AndroidManifest.xml:12:5-20
MERGED from [com.android.support:support-v4:23.4.0] AndroidManifest.xml:22:5-20
	android:label
		ADDED from src/main/AndroidManifest.xml:11:9-41
	android:supportsRtl
		ADDED from src/main/AndroidManifest.xml:12:9-35
	android:allowBackup
		ADDED from src/main/AndroidManifest.xml:9:9-35
	android:icon
		ADDED from src/main/AndroidManifest.xml:10:9-45
	android:theme
		ADDED from src/main/AndroidManifest.xml:13:9-40
activity#com.example.jason.jason_workshop_3.View.MainActivity
ADDED from src/main/AndroidManifest.xml:14:9-20:20
	android:name
		ADDED from src/main/AndroidManifest.xml:14:19-52
intent-filter#android.intent.action.MAIN+android.intent.category.LAUNCHER
ADDED from src/main/AndroidManifest.xml:15:13-19:29
action#android.intent.action.MAIN
ADDED from src/main/AndroidManifest.xml:16:17-69
	android:name
		ADDED from src/main/AndroidManifest.xml:16:25-66
category#android.intent.category.LAUNCHER
ADDED from src/main/AndroidManifest.xml:18:17-77
	android:name
		ADDED from src/main/AndroidManifest.xml:18:27-74
activity#com.example.jason.jason_workshop_3.View.UserMainView.UserMainActivity
ADDED from src/main/AndroidManifest.xml:21:9-72
	android:name
		ADDED from src/main/AndroidManifest.xml:21:19-69
activity#com.example.jason.jason_workshop_3.View.FeatureView.WeeklyFitnessActivity
ADDED from src/main/AndroidManifest.xml:22:9-76
	android:name
		ADDED from src/main/AndroidManifest.xml:22:19-73
activity#com.example.jason.jason_workshop_3.View.FeatureView.DailyDrinkActivity
ADDED from src/main/AndroidManifest.xml:23:9-73
	android:name
		ADDED from src/main/AndroidManifest.xml:23:19-70
activity#com.example.jason.jason_workshop_3.View.FeatureView.DailyDietActivity
ADDED from src/main/AndroidManifest.xml:24:9-72
	android:name
		ADDED from src/main/AndroidManifest.xml:24:19-69
activity#com.example.jason.jason_workshop_3.View.LoginView.SignupActivity
ADDED from src/main/AndroidManifest.xml:25:9-67
	android:name
		ADDED from src/main/AndroidManifest.xml:25:19-64
activity#com.example.jason.jason_workshop_3.View.FeatureView.MonthlyCheckBMIActivity
ADDED from src/main/AndroidManifest.xml:26:9-78
	android:name
		ADDED from src/main/AndroidManifest.xml:26:19-75
receiver#com.example.jason.jason_workshop_3.Alarm.AlarmReceiver
ADDED from src/main/AndroidManifest.xml:28:9-57
	android:name
		ADDED from src/main/AndroidManifest.xml:28:19-54
activity#com.example.jason.jason_workshop_3.View.FeatureView.BMIChartActivity
ADDED from src/main/AndroidManifest.xml:30:9-71
	android:name
		ADDED from src/main/AndroidManifest.xml:30:19-68
activity#com.example.jason.jason_workshop_3.View.LoginView.LoginActivity
ADDED from src/main/AndroidManifest.xml:31:9-66
	android:name
		ADDED from src/main/AndroidManifest.xml:31:19-63
activity#com.example.jason.jason_workshop_3.View.FeatureView.FoodActivity
ADDED from src/main/AndroidManifest.xml:32:9-67
	android:name
		ADDED from src/main/AndroidManifest.xml:32:19-64
activity#com.example.jason.jason_workshop_3.View.LoginView.TwitterLoginActivity
ADDED from src/main/AndroidManifest.xml:34:9-73
	android:name
		ADDED from src/main/AndroidManifest.xml:34:19-70
activity#com.example.jason.jason_workshop_3.View.LoginView.TwitterAuthenticationActivity
ADDED from src/main/AndroidManifest.xml:35:9-82
	android:name
		ADDED from src/main/AndroidManifest.xml:35:19-79
uses-sdk
INJECTED from src/main/AndroidManifest.xml reason: use-sdk injection requested
MERGED from [com.android.support:appcompat-v7:23.1.1] AndroidManifest.xml:20:5-43
MERGED from [com.android.support:support-v4:23.4.0] AndroidManifest.xml:20:5-43
MERGED from [com.android.support:recyclerview-v7:23.1.1] AndroidManifest.xml:20:5-43
MERGED from [com.android.support:support-v4:23.4.0] AndroidManifest.xml:20:5-43
MERGED from [com.prolificinteractive:material-calendarview:1.4.0] AndroidManifest.xml:8:5-10:41
MERGED from [com.android.support:support-v4:23.4.0] AndroidManifest.xml:20:5-43
	android:targetSdkVersion
		INJECTED from src/main/AndroidManifest.xml
		INJECTED from src/main/AndroidManifest.xml
	android:minSdkVersion
		INJECTED from src/main/AndroidManifest.xml
		INJECTED from src/main/AndroidManifest.xml